<?xml version="1.0" encoding="UTF-8"?>
<!-- Generated by org.testng.reporters.JUnitReportReporter -->
<testsuite hostname="vkzoomin996" failures="0" tests="1" name="parentModule.LoginTest" time="12.773" errors="0" timestamp="2023-10-26T14:54:45 IST" skipped="0">
  <testcase classname="parentModule.LoginTest" name="logintest" time="12.773"/>
  <system-out/>
</testsuite> <!-- parentModule.LoginTest -->
