<?xml version="1.0" encoding="UTF-8"?>
<!-- Generated by org.testng.reporters.JUnitReportReporter -->
<testsuite hostname="vkzoomin996" failures="0" tests="1" name="crud_operation.Create_a_Project" time="1.044" errors="0" timestamp="2023-10-26T12:47:32 IST" skipped="0">
  <testcase classname="crud_operation.Create_a_Project" name="create_a_resources" time="1.044"/>
  <system-out/>
</testsuite> <!-- crud_operation.Create_a_Project -->
