<?xml version="1.0" encoding="UTF-8"?>
<!-- Generated by org.testng.reporters.JUnitReportReporter -->
<testsuite hostname="vkzoomin996" failures="0" tests="1" name="parentModule.Jdghvhjds" time="20.155" errors="0" timestamp="2023-10-31T18:30:56 IST" skipped="0">
  <testcase classname="parentModule.Jdghvhjds" name="nvkjer" time="20.155"/>
  <system-out/>
</testsuite> <!-- parentModule.Jdghvhjds -->
